warning: found a deprecated rayon method
  --> $DIR/main.rs:10:15
   |
LL |       let buf = bufs
   |  _______________^
LL | |         .par_iter()
LL | |         .find(|b| !b.is_empty())
   | |________________________________^
   |
   = note: `#[warn(deprecated_rayon)]` on by default
help: try use this instead
   |
LL ~     let buf = bufs
LL +         .par_iter()
LL +         .find_first(|b| !b.is_empty())
   |

warning: found a deprecated rayon method
  --> $DIR/main.rs:18:15
   |
LL |     let buf = bufs.par_iter().position(|b| !b.is_empty());
   |               ^^^^^^^^^^^^^^^^^^^^^^^^^^^^^^^^^^^^^^^^^^^ help: try use this instead: `bufs.par_iter().position_first(|b| !b.is_empty())`

warning: 2 warnings emitted

