error: use a for_each to enable iterator refinement
  --> $DIR/for_each.rs:7:5
   |
LL | /     for i in 1..=100 {
LL | |         thread::sleep(Duration::from_secs(1));
LL | |     }
   | |_____^
   |
   = note: `-D lint::warn-foreach` implied by `-D warnings`
   = help: to override `-D warnings` add `#[allow(lint::warn_foreach)]`
help: try using `for_each` on the iterator
   |
LL ~     (1..=100).into_iter().for_each(|i| {
LL +         thread::sleep(Duration::from_secs(1));
LL +     });
   |

error: rayon::prelude::* is not imported
  --> $DIR/for_each.rs:2:1
   |
LL | use std::thread;
   | ^
   |
   = note: `-D lint::rayon-import` implied by `-D warnings`
   = help: to override `-D warnings` add `#[allow(lint::rayon_import)]`
help: consider adding this import
   |
LL + 
LL + use rayon::prelude::*;
   |

error: aborting due to 2 previous errors

